<?xml version="1.0" encoding="UTF-8"?>
<!-- Generated by org.testng.reporters.JUnitReportReporter -->
<testsuite skipped="0" hostname="Sony" name="com.Modules.RegisterDemo" tests="2" failures="0" timestamp="07 Jul 2019 14:58:19 GMT" time="12.196" errors="0">
  <testcase name="executeBrowser" time="6.846" classname="com.Modules.RegisterDemo"/>
  <testcase name="verifyRegister" time="5.350" classname="com.Modules.RegisterDemo"/>
</testsuite> <!-- com.Modules.RegisterDemo -->
